<?xml version="1.0" encoding="UTF-8"?>
<!-- Generated by org.testng.reporters.JUnitXMLReporter -->
<testsuite ignored="0" hostname="DESKTOP-6RNNSA7" failures="0" tests="4" name="Test2" time="0.229" errors="0" timestamp="2024-10-10T00:50:58 IST">
  <testcase classname="S_010_Data_providers.D002_data_parallel_testing" name="@BeforeClass setUp" time="-1.728501657956E9">
    <failure type="org.testng.TestNGException" message="
Parameter &amp;apos;url&amp;apos; is required by BeforeClass on method setUp but has not been marked @Optional or defined
in C:\Users\DELL\eclipse-workspace\Selenium_Learning\src\test\java\S_010_Data_providers\parallel_test.xml">
      <![CDATA[org.testng.TestNGException: 
Parameter 'url' is required by BeforeClass on method setUp but has not been marked @Optional or defined
in C:\Users\DELL\eclipse-workspace\Selenium_Learning\src\test\java\S_010_Data_providers\parallel_test.xml
at java.base/java.util.ArrayList.forEach(ArrayList.java:1511)
at java.base/java.util.concurrent.FutureTask.run(FutureTask.java:264)
at java.base/java.util.concurrent.ThreadPoolExecutor.runWorker(ThreadPoolExecutor.java:1136)
at java.base/java.util.concurrent.ThreadPoolExecutor$Worker.run(ThreadPoolExecutor.java:635)
at java.base/java.lang.Thread.run(Thread.java:840)
... Removed 12 stack frames]]>
    </failure>
  </testcase> <!-- @BeforeClass setUp -->
  <testcase classname="S_010_Data_providers.D002_data_parallel_testing" name="logo" time="0.019">
    <skipped/>
  </testcase> <!-- logo -->
  <testcase classname="S_010_Data_providers.D002_data_parallel_testing" name="title" time="0.001">
    <skipped/>
  </testcase> <!-- title -->
  <testcase classname="S_010_Data_providers.D002_data_parallel_testing" name="url" time="0.001">
    <skipped/>
  </testcase> <!-- url -->
  <testcase classname="S_010_Data_providers.D002_data_parallel_testing" name="teardown" time="0.0">
    <skipped/>
  </testcase> <!-- teardown -->
</testsuite> <!-- Test2 -->
