<?xml version="1.0" encoding="UTF-8"?>
<!-- Generated by org.testng.reporters.JUnitReportReporter -->
<testsuite hostname="DESKTOP-6RNNSA7" failures="0" tests="14" name="S_010_Data_providers.D002_data_parallel_testing" time="-3457003264.000" errors="2" timestamp="2024-10-10T00:51:06 IST" skipped="8">
  <testcase classname="S_010_Data_providers.D002_data_parallel_testing" name="setUp" time="-1728501632.000">
    <error message="
Parameter &#039;url&#039; is required by BeforeClass on method setUp but has not been marked @Optional or defined
in C:\Users\DELL\eclipse-workspace\Selenium_Learning\src\test\java\S_010_Data_providers\parallel_test.xml" type="org.testng.TestNGException">
      <![CDATA[org.testng.TestNGException: 
Parameter 'url' is required by BeforeClass on method setUp but has not been marked @Optional or defined
in C:\Users\DELL\eclipse-workspace\Selenium_Learning\src\test\java\S_010_Data_providers\parallel_test.xml
at org.testng.internal.Parameters.createParams(Parameters.java:264)
at org.testng.internal.Parameters.createParametersForMethod(Parameters.java:352)
at org.testng.internal.Parameters.createParameters(Parameters.java:690)
at org.testng.internal.Parameters.createConfigurationParameters(Parameters.java:163)
at org.testng.internal.invokers.ConfigInvoker.invokeConfigurations(ConfigInvoker.java:313)
at org.testng.internal.invokers.TestMethodWorker.invokeBeforeClassMethods(TestMethodWorker.java:188)
at org.testng.internal.invokers.TestMethodWorker.run(TestMethodWorker.java:128)
at java.base/java.util.ArrayList.forEach(ArrayList.java:1511)
at org.testng.TestRunner.privateRun(TestRunner.java:739)
at org.testng.TestRunner.run(TestRunner.java:614)
at org.testng.SuiteRunner.runTest(SuiteRunner.java:421)
at org.testng.SuiteRunner$SuiteWorker.run(SuiteRunner.java:463)
at org.testng.internal.thread.ThreadUtil.lambda$execute$0(ThreadUtil.java:64)
at java.base/java.util.concurrent.FutureTask.run(FutureTask.java:264)
at java.base/java.util.concurrent.ThreadPoolExecutor.runWorker(ThreadPoolExecutor.java:1136)
at java.base/java.util.concurrent.ThreadPoolExecutor$Worker.run(ThreadPoolExecutor.java:635)
at java.base/java.lang.Thread.run(Thread.java:840)
]]>
    </error>
  </testcase> <!-- setUp -->
  <testcase classname="S_010_Data_providers.D002_data_parallel_testing" name="setUp" time="-1728501632.000">
    <error message="
Parameter &#039;url&#039; is required by BeforeClass on method setUp but has not been marked @Optional or defined
in C:\Users\DELL\eclipse-workspace\Selenium_Learning\src\test\java\S_010_Data_providers\parallel_test.xml" type="org.testng.TestNGException">
      <![CDATA[org.testng.TestNGException: 
Parameter 'url' is required by BeforeClass on method setUp but has not been marked @Optional or defined
in C:\Users\DELL\eclipse-workspace\Selenium_Learning\src\test\java\S_010_Data_providers\parallel_test.xml
at org.testng.internal.Parameters.createParams(Parameters.java:264)
at org.testng.internal.Parameters.createParametersForMethod(Parameters.java:352)
at org.testng.internal.Parameters.createParameters(Parameters.java:690)
at org.testng.internal.Parameters.createConfigurationParameters(Parameters.java:163)
at org.testng.internal.invokers.ConfigInvoker.invokeConfigurations(ConfigInvoker.java:313)
at org.testng.internal.invokers.TestMethodWorker.invokeBeforeClassMethods(TestMethodWorker.java:188)
at org.testng.internal.invokers.TestMethodWorker.run(TestMethodWorker.java:128)
at java.base/java.util.ArrayList.forEach(ArrayList.java:1511)
at org.testng.TestRunner.privateRun(TestRunner.java:739)
at org.testng.TestRunner.run(TestRunner.java:614)
at org.testng.SuiteRunner.runTest(SuiteRunner.java:421)
at org.testng.SuiteRunner$SuiteWorker.run(SuiteRunner.java:463)
at org.testng.internal.thread.ThreadUtil.lambda$execute$0(ThreadUtil.java:64)
at java.base/java.util.concurrent.FutureTask.run(FutureTask.java:264)
at java.base/java.util.concurrent.ThreadPoolExecutor.runWorker(ThreadPoolExecutor.java:1136)
at java.base/java.util.concurrent.ThreadPoolExecutor$Worker.run(ThreadPoolExecutor.java:635)
at java.base/java.lang.Thread.run(Thread.java:840)
]]>
    </error>
  </testcase> <!-- setUp -->
  <testcase classname="S_010_Data_providers.D002_data_parallel_testing" name="logo" time="0.498"/>
  <testcase classname="S_010_Data_providers.D002_data_parallel_testing" name="logo" time="0.019">
    <skipped/>
  </testcase> <!-- logo -->
  <testcase classname="S_010_Data_providers.D002_data_parallel_testing" name="logo" time="0.000">
    <skipped/>
  </testcase> <!-- logo -->
  <testcase classname="S_010_Data_providers.D002_data_parallel_testing" name="title" time="0.014"/>
  <testcase classname="S_010_Data_providers.D002_data_parallel_testing" name="title" time="0.001">
    <skipped/>
  </testcase> <!-- title -->
  <testcase classname="S_010_Data_providers.D002_data_parallel_testing" name="title" time="0.002">
    <skipped/>
  </testcase> <!-- title -->
  <testcase classname="S_010_Data_providers.D002_data_parallel_testing" name="url" time="0.013"/>
  <testcase classname="S_010_Data_providers.D002_data_parallel_testing" name="url" time="0.001">
    <skipped/>
  </testcase> <!-- url -->
  <testcase classname="S_010_Data_providers.D002_data_parallel_testing" name="url" time="0.000">
    <skipped/>
  </testcase> <!-- url -->
  <testcase classname="S_010_Data_providers.D002_data_parallel_testing" name="teardown" time="0.000">
    <skipped/>
  </testcase> <!-- teardown -->
  <testcase classname="S_010_Data_providers.D002_data_parallel_testing" name="teardown" time="0.000">
    <skipped/>
  </testcase> <!-- teardown -->
  <testcase classname="S_010_Data_providers.D002_data_parallel_testing" name="teardown" time="0.269"/>
</testsuite> <!-- S_010_Data_providers.D002_data_parallel_testing -->
